<?xml version="1.0" encoding="UTF-8"?>
<!-- Generated by org.testng.reporters.JUnitReportReporter -->
<testsuite hostname="DESKTOP-6E13JVC" failures="0" tests="3" name="com.cross.browser.test.MultiBrowser" time="1.617" errors="0" timestamp="2023-01-03T21:24:41 IST" skipped="0">
  <testcase classname="com.cross.browser.test.MultiBrowser" name="login" time="0.101"/>
  <system-out/>
  <testcase classname="com.cross.browser.test.MultiBrowser" name="login" time="1.432"/>
  <system-out/>
  <testcase classname="com.cross.browser.test.MultiBrowser" name="login" time="0.084"/>
  <system-out/>
</testsuite> <!-- com.cross.browser.test.MultiBrowser -->
