<?xml version="1.0" encoding="UTF-8"?>
<!-- Generated by org.testng.reporters.JUnitReportReporter -->
<testsuite hostname="DESKTOP-6E13JVC" failures="0" tests="3" name="com.cross.browser.test.MultiBrowser" time="1.343" errors="0" timestamp="2022-11-19T19:46:28 IST" skipped="0">
  <testcase classname="com.cross.browser.test.MultiBrowser" name="login" time="0.080"/>
  <system-out/>
  <testcase classname="com.cross.browser.test.MultiBrowser" name="login" time="1.184"/>
  <system-out/>
  <testcase classname="com.cross.browser.test.MultiBrowser" name="login" time="0.079"/>
  <system-out/>
</testsuite> <!-- com.cross.browser.test.MultiBrowser -->
